Thu Sep 26 12:49:57 EDT 2002  [debug] AvalonLogSystem initialized using logfile 'velocity.log'
Thu Sep 26 12:49:57 EDT 2002   [info] ************************************************************** 
Thu Sep 26 12:49:57 EDT 2002   [info] Starting Jakarta Velocity v1.4-dev
Thu Sep 26 12:49:57 EDT 2002   [info] RuntimeInstance initializing.
Thu Sep 26 12:49:57 EDT 2002   [info] Default Properties File: org/apache/velocity/runtime/defaults/velocity.properties
Thu Sep 26 12:49:57 EDT 2002   [info] Trying to use logger class org.apache.velocity.runtime.log.AvalonLogSystem
Thu Sep 26 12:49:57 EDT 2002   [info] Using logger class org.apache.velocity.runtime.log.AvalonLogSystem
Thu Sep 26 12:49:57 EDT 2002   [info] Default ResourceManager initializing. (class org.apache.velocity.runtime.resource.ResourceManagerImpl)
Thu Sep 26 12:49:57 EDT 2002   [info] Resource Loader Instantiated: org.apache.velocity.runtime.resource.loader.FileResourceLoader
Thu Sep 26 12:49:57 EDT 2002   [info] FileResourceLoader : initialization starting.
Thu Sep 26 12:49:57 EDT 2002   [info] FileResourceLoader : adding path '.'
Thu Sep 26 12:49:57 EDT 2002   [info] FileResourceLoader : initialization complete.
Thu Sep 26 12:49:57 EDT 2002   [info] ResourceCache : initialized. (class org.apache.velocity.runtime.resource.ResourceCacheImpl)
Thu Sep 26 12:49:57 EDT 2002   [info] Default ResourceManager initialization complete.
Thu Sep 26 12:49:57 EDT 2002   [info] Loaded System Directive: org.apache.velocity.runtime.directive.Literal
Thu Sep 26 12:49:57 EDT 2002   [info] Loaded System Directive: org.apache.velocity.runtime.directive.Macro
Thu Sep 26 12:49:57 EDT 2002   [info] Loaded System Directive: org.apache.velocity.runtime.directive.Parse
Thu Sep 26 12:49:57 EDT 2002   [info] Loaded System Directive: org.apache.velocity.runtime.directive.Include
Thu Sep 26 12:49:57 EDT 2002   [info] Loaded System Directive: org.apache.velocity.runtime.directive.Foreach
Thu Sep 26 12:49:57 EDT 2002   [info] Loaded User Directive: org.apache.tools.dvsl.directive.MatchDirective
Thu Sep 26 12:49:57 EDT 2002   [info] Created: 20 parsers.
Thu Sep 26 12:49:57 EDT 2002   [info] Velocimacro : initialization starting.
Thu Sep 26 12:49:57 EDT 2002   [info] Velocimacro : adding VMs from VM library template : VM_global_library.vm
Thu Sep 26 12:49:57 EDT 2002  [error] ResourceManager : unable to find resource 'VM_global_library.vm' in any resource loader.
Thu Sep 26 12:49:57 EDT 2002   [info] Velocimacro : error using  VM library template VM_global_library.vm : org.apache.velocity.exception.ResourceNotFoundException: Unable to find resource 'VM_global_library.vm'
Thu Sep 26 12:49:57 EDT 2002   [info] Velocimacro :  VM library template macro registration complete.
Thu Sep 26 12:49:57 EDT 2002   [info] Velocimacro : allowInline = true : VMs can be defined inline in templates
Thu Sep 26 12:49:57 EDT 2002   [info] Velocimacro : allowInlineToOverride = false : VMs defined inline may NOT replace previous VM definitions
Thu Sep 26 12:49:57 EDT 2002   [info] Velocimacro : allowInlineLocal = false : VMs defined inline will be  global in scope if allowed.
Thu Sep 26 12:49:57 EDT 2002   [info] Velocimacro : messages on  : VM system will output logging messages
Thu Sep 26 12:49:57 EDT 2002   [info] Velocimacro : autoload off  : VM system will not automatically reload global library macros
Thu Sep 26 12:49:57 EDT 2002   [info] Velocimacro : initialization complete.
Thu Sep 26 12:49:57 EDT 2002   [info] Velocity successfully started.
Thu Sep 26 12:49:57 EDT 2002   [info] Velocimacro : added new VM : #printRow( count ) : source = DVSL:stylesheet
Thu Sep 26 12:49:57 EDT 2002   [info] Velocimacro : added new VM : #loadNavigation( filename ) : source = DVSL:stylesheet
Thu Sep 26 12:49:57 EDT 2002   [info] Velocimacro : added new VM : #selectNavigation( fileUtil docSrc ) : source = DVSL:stylesheet
Thu Sep 26 12:49:57 EDT 2002   [info] Velocimacro : added new VM : #itemLink( item ) : source = DVSL:stylesheet
Thu Sep 26 12:49:57 EDT 2002  [error] Left side ($context.toolbox.docVersion.indexOf("maven.xdoc.version")) of '<' operation has null value. Operation not possible. document [line 153, column 79]
Thu Sep 26 12:49:57 EDT 2002  [error] Left side ($context.toolbox.srcPresent) of '==' operation has null value. If a reference, it may not be in the context. Operation not possible. document [line 235, column 52]
